<?xml version="1.0" encoding="UTF-8"?>
<robot generator="Robot 3.1.2 (Python 3.7.4 on win32)" generated="20200109 00:12:21.782" rpa="false">
<suite id="s1" name="NavigateBrowserTabs" source="C:\Users\Himen\PycharmProjects\TestAutomation\NavigationTestCases\NavigateBrowserTabs.robot">
<test id="s1-t1" name="Navigation Test">
<kw name="Open Browser" library="SeleniumLibrary">
<doc>Opens a new browser instance to the optional ``url``.</doc>
<arguments>
<arg>https://www.google.co.in/</arg>
<arg>chrome</arg>
</arguments>
<msg timestamp="20200109 00:12:22.510" level="INFO">Opening browser 'chrome' to base url 'https://www.google.co.in/'.</msg>
<status status="PASS" starttime="20200109 00:12:22.509" endtime="20200109 00:12:30.644"></status>
</kw>
<kw name="Get Location" library="SeleniumLibrary">
<doc>Returns the current browser window URL.</doc>
<assign>
<var>${loc1}</var>
</assign>
<msg timestamp="20200109 00:12:30.684" level="INFO">${loc1} = https://www.google.co.in/</msg>
<status status="PASS" starttime="20200109 00:12:30.645" endtime="20200109 00:12:30.685"></status>
</kw>
<kw name="Log To Console" library="BuiltIn">
<doc>Logs the given message to the console.</doc>
<arguments>
<arg>${loc1}</arg>
</arguments>
<status status="PASS" starttime="20200109 00:12:30.687" endtime="20200109 00:12:30.689"></status>
</kw>
<kw name="Sleep" library="BuiltIn">
<doc>Pauses the test executed for the given time.</doc>
<arguments>
<arg>3</arg>
</arguments>
<msg timestamp="20200109 00:12:33.692" level="INFO">Slept 3 seconds</msg>
<status status="PASS" starttime="20200109 00:12:30.691" endtime="20200109 00:12:33.692"></status>
</kw>
<kw name="Go To" library="SeleniumLibrary">
<doc>Navigates the current browser window to the provided ``url``.</doc>
<arguments>
<arg>https://www.bing.com/</arg>
</arguments>
<msg timestamp="20200109 00:12:33.695" level="INFO">Opening url 'https://www.bing.com/'</msg>
<status status="PASS" starttime="20200109 00:12:33.694" endtime="20200109 00:12:34.951"></status>
</kw>
<kw name="Get Location" library="SeleniumLibrary">
<doc>Returns the current browser window URL.</doc>
<assign>
<var>${loc2}</var>
</assign>
<msg timestamp="20200109 00:12:34.978" level="INFO">${loc2} = https://www.bing.com/</msg>
<status status="PASS" starttime="20200109 00:12:34.953" endtime="20200109 00:12:34.978"></status>
</kw>
<kw name="Log To Console" library="BuiltIn">
<doc>Logs the given message to the console.</doc>
<arguments>
<arg>${loc2}</arg>
</arguments>
<status status="PASS" starttime="20200109 00:12:34.980" endtime="20200109 00:12:34.983"></status>
</kw>
<kw name="Sleep" library="BuiltIn">
<doc>Pauses the test executed for the given time.</doc>
<arguments>
<arg>3</arg>
</arguments>
<msg timestamp="20200109 00:12:37.988" level="INFO">Slept 3 seconds</msg>
<status status="PASS" starttime="20200109 00:12:34.986" endtime="20200109 00:12:37.988"></status>
</kw>
<kw name="Go Back" library="SeleniumLibrary">
<doc>Simulates the user clicking the back button on their browser.</doc>
<status status="PASS" starttime="20200109 00:12:37.989" endtime="20200109 00:12:43.090"></status>
</kw>
<kw name="Get Location" library="SeleniumLibrary">
<doc>Returns the current browser window URL.</doc>
<assign>
<var>${loc3}</var>
</assign>
<msg timestamp="20200109 00:12:43.122" level="INFO">${loc3} = data:,</msg>
<status status="PASS" starttime="20200109 00:12:43.103" endtime="20200109 00:12:43.122"></status>
</kw>
<kw name="Log To Console" library="BuiltIn">
<doc>Logs the given message to the console.</doc>
<arguments>
<arg>${loc3}</arg>
</arguments>
<status status="PASS" starttime="20200109 00:12:43.126" endtime="20200109 00:12:43.127"></status>
</kw>
<kw name="Close All Browsers" library="SeleniumLibrary">
<doc>Closes all open browsers and resets the browser cache.</doc>
<status status="PASS" starttime="20200109 00:12:43.131" endtime="20200109 00:12:46.242"></status>
</kw>
<status status="PASS" starttime="20200109 00:12:22.506" endtime="20200109 00:12:46.244" critical="yes"></status>
</test>
<status status="PASS" starttime="20200109 00:12:21.787" endtime="20200109 00:12:46.251"></status>
</suite>
<statistics>
<total>
<stat pass="1" fail="0">Critical Tests</stat>
<stat pass="1" fail="0">All Tests</stat>
</total>
<tag>
</tag>
<suite>
<stat pass="1" fail="0" id="s1" name="NavigateBrowserTabs">NavigateBrowserTabs</stat>
</suite>
</statistics>
<errors>
</errors>
</robot>
