<?xml version="1.0" encoding="UTF-8"?>
<robot generator="Robot 3.1.2 (Python 3.7.4 on win32)" generated="20191223 23:35:20.482" rpa="false">
<suite id="s1" name="RadioButton" source="C:\Users\Himen\PycharmProjects\TestAutomation\WebElement\RadioButton.robot">
<test id="s1-t1" name="TestCase for Radio button and Check Boxes">
<kw name="Open Browser" library="SeleniumLibrary">
<doc>Opens a new browser instance to the optional ``url``.</doc>
<arguments>
<arg>${url}</arg>
<arg>${browser}</arg>
</arguments>
<msg timestamp="20191223 23:35:21.461" level="INFO">Opening browser 'chrome' to base url 'http://www.practiceselenium.com/practice-form.html'.</msg>
<status status="PASS" starttime="20191223 23:35:21.460" endtime="20191223 23:35:37.945"></status>
</kw>
<kw name="Maximize Browser Window" library="SeleniumLibrary">
<doc>Maximizes current browser window.</doc>
<status status="PASS" starttime="20191223 23:35:37.947" endtime="20191223 23:35:39.140"></status>
</kw>
<kw name="Set Selenium Speed" library="SeleniumLibrary">
<doc>Sets the delay that is waited after each Selenium command.</doc>
<arguments>
<arg>2seconds</arg>
</arguments>
<status status="PASS" starttime="20191223 23:35:39.142" endtime="20191223 23:35:39.143"></status>
</kw>
<kw name="Select Radio Button" library="SeleniumLibrary">
<doc>Sets the radio button group ``group_name`` to ``value``.</doc>
<arguments>
<arg>sex</arg>
<arg>Female</arg>
</arguments>
<msg timestamp="20191223 23:35:39.145" level="INFO">Selecting 'Female' from radio button 'sex'.</msg>
<status status="PASS" starttime="20191223 23:35:39.144" endtime="20191223 23:35:45.388"></status>
</kw>
<kw name="Select Radio Button" library="SeleniumLibrary">
<doc>Sets the radio button group ``group_name`` to ``value``.</doc>
<arguments>
<arg>exp</arg>
<arg>6</arg>
</arguments>
<msg timestamp="20191223 23:35:45.390" level="INFO">Selecting '6' from radio button 'exp'.</msg>
<status status="PASS" starttime="20191223 23:35:45.390" endtime="20191223 23:35:51.613"></status>
</kw>
<kw name="Select Checkbox" library="SeleniumLibrary">
<doc>Selects the checkbox identified by ``locator``.</doc>
<arguments>
<arg>BlackTea</arg>
</arguments>
<msg timestamp="20191223 23:35:51.616" level="INFO">Selecting checkbox 'BlackTea'.</msg>
<status status="PASS" starttime="20191223 23:35:51.615" endtime="20191223 23:35:59.856"></status>
</kw>
<kw name="Select Checkbox" library="SeleniumLibrary">
<doc>Selects the checkbox identified by ``locator``.</doc>
<arguments>
<arg>oolongtea</arg>
</arguments>
<msg timestamp="20191223 23:35:59.859" level="INFO">Selecting checkbox 'oolongtea'.</msg>
<status status="PASS" starttime="20191223 23:35:59.858" endtime="20191223 23:36:08.086"></status>
</kw>
<kw name="Unselect Checkbox" library="SeleniumLibrary">
<doc>Removes the selection of checkbox identified by ``locator``.</doc>
<arguments>
<arg>BlackTea</arg>
</arguments>
<msg timestamp="20191223 23:36:08.089" level="INFO">Unselecting checkbox 'BlackTea'.</msg>
<status status="PASS" starttime="20191223 23:36:08.088" endtime="20191223 23:36:16.236"></status>
</kw>
<status status="PASS" starttime="20191223 23:35:21.457" endtime="20191223 23:36:16.238" critical="yes"></status>
</test>
<status status="PASS" starttime="20191223 23:35:20.491" endtime="20191223 23:36:16.244"></status>
</suite>
<statistics>
<total>
<stat pass="1" fail="0">Critical Tests</stat>
<stat pass="1" fail="0">All Tests</stat>
</total>
<tag>
</tag>
<suite>
<stat pass="1" fail="0" id="s1" name="RadioButton">RadioButton</stat>
</suite>
</statistics>
<errors>
</errors>
</robot>
